SharedCode/build/intermediates/manifest_merge_blame_file/debug/manifest-merger-blame-debug-report.txt
1<?xml version="1.0" encoding="utf-8"?>
2<manifest xmlns:android="http://schemas.android.com/apk/res/android"
3    package="com.example.multiplatformapp"
4    android:usesCleartextTraffic="true" >
5
6    <uses-sdk
7        android:minSdkVersion="23"
7-->src/androidMain/AndroidManifest.xml
8        android:targetSdkVersion="29" />
8-->src/androidMain/AndroidManifest.xml
9
10</manifest>